  [1m[35m (1080.5ms)[0m  [1m[35mCREATE DATABASE "app_development" ENCODING = 'utf8'[0m
  [1m[35m (1292.2ms)[0m  [1m[35mCREATE DATABASE "app_test" ENCODING = 'utf8'[0m
  [1m[35m (6.1ms)[0m  [1m[35mCREATE DATABASE "app_development" ENCODING = 'utf8'[0m
  [1m[35m (0.9ms)[0m  [1m[35mCREATE DATABASE "app_test" ENCODING = 'utf8'[0m
  [1m[35m (19.5ms)[0m  [1m[35mCREATE TABLE "schema_migrations" ("version" character varying NOT NULL PRIMARY KEY)[0m
  [1m[35m (16.6ms)[0m  [1m[35mCREATE TABLE "ar_internal_metadata" ("key" character varying NOT NULL PRIMARY KEY, "value" character varying, "created_at" timestamp(6) NOT NULL, "updated_at" timestamp(6) NOT NULL)[0m
  [1m[35m (0.8ms)[0m  [1m[34mSELECT pg_try_advisory_lock(5277929974492897470)[0m
  [1m[36mActiveRecord::SchemaMigration Pluck (2.2ms)[0m  [1m[34mSELECT "schema_migrations"."version" FROM "schema_migrations" ORDER BY "schema_migrations"."version" ASC[0m
  [1m[36mActiveRecord::InternalMetadata Load (2.4ms)[0m  [1m[34mSELECT "ar_internal_metadata".* FROM "ar_internal_metadata" WHERE "ar_internal_metadata"."key" = $1 LIMIT $2[0m  [["key", "environment"], ["LIMIT", 1]]
  [1m[36mTRANSACTION (1.3ms)[0m  [1m[35mBEGIN[0m
  [1m[36mActiveRecord::InternalMetadata Create (9.6ms)[0m  [1m[32mINSERT INTO "ar_internal_metadata" ("key", "value", "created_at", "updated_at") VALUES ($1, $2, $3, $4) RETURNING "key"[0m  [["key", "environment"], ["value", "development"], ["created_at", "2024-10-20 10:44:18.969867"], ["updated_at", "2024-10-20 10:44:18.969867"]]
  [1m[36mTRANSACTION (2.5ms)[0m  [1m[35mCOMMIT[0m
  [1m[35m (0.8ms)[0m  [1m[34mSELECT pg_advisory_unlock(5277929974492897470)[0m
  [1m[36mActiveRecord::SchemaMigration Pluck (1.6ms)[0m  [1m[34mSELECT "schema_migrations"."version" FROM "schema_migrations" ORDER BY "schema_migrations"."version" ASC[0m
  [1m[35m (1.2ms)[0m  [1m[34mSELECT pg_try_advisory_lock(5277929974492897470)[0m
  [1m[36mActiveRecord::SchemaMigration Pluck (1.1ms)[0m  [1m[34mSELECT "schema_migrations"."version" FROM "schema_migrations" ORDER BY "schema_migrations"."version" ASC[0m
  [1m[36mActiveRecord::InternalMetadata Load (7.3ms)[0m  [1m[34mSELECT "ar_internal_metadata".* FROM "ar_internal_metadata" WHERE "ar_internal_metadata"."key" = $1 LIMIT $2[0m  [["key", "environment"], ["LIMIT", 1]]
  [1m[35m (0.8ms)[0m  [1m[34mSELECT pg_advisory_unlock(5277929974492897470)[0m
  [1m[36mActiveRecord::SchemaMigration Pluck (2.3ms)[0m  [1m[34mSELECT "schema_migrations"."version" FROM "schema_migrations" ORDER BY "schema_migrations"."version" ASC[0m
  [1m[35m (1.7ms)[0m  [1m[35mCREATE DATABASE "app_development" ENCODING = 'utf8'[0m
  [1m[35m (3.3ms)[0m  [1m[35mCREATE DATABASE "app_test" ENCODING = 'utf8'[0m
  [1m[35m (0.5ms)[0m  [1m[34mSELECT pg_try_advisory_lock(5277929974492897470)[0m
  [1m[36mActiveRecord::SchemaMigration Pluck (3.1ms)[0m  [1m[34mSELECT "schema_migrations"."version" FROM "schema_migrations" ORDER BY "schema_migrations"."version" ASC[0m
  [1m[36mActiveRecord::InternalMetadata Load (0.7ms)[0m  [1m[34mSELECT "ar_internal_metadata".* FROM "ar_internal_metadata" WHERE "ar_internal_metadata"."key" = $1 LIMIT $2[0m  [["key", "environment"], ["LIMIT", 1]]
  [1m[35m (1.0ms)[0m  [1m[34mSELECT pg_advisory_unlock(5277929974492897470)[0m
  [1m[36mActiveRecord::SchemaMigration Pluck (1.7ms)[0m  [1m[34mSELECT "schema_migrations"."version" FROM "schema_migrations" ORDER BY "schema_migrations"."version" ASC[0m
  [1m[35m (0.9ms)[0m  [1m[35mCREATE DATABASE "app_development" ENCODING = 'utf8'[0m
  [1m[35m (1.1ms)[0m  [1m[35mCREATE DATABASE "app_test" ENCODING = 'utf8'[0m
  [1m[35m (1.2ms)[0m  [1m[35mCREATE DATABASE "app_development" ENCODING = 'utf8'[0m
  [1m[35m (3.6ms)[0m  [1m[35mCREATE DATABASE "app_test" ENCODING = 'utf8'[0m
  [1m[35m (1.8ms)[0m  [1m[34mSELECT pg_try_advisory_lock(5277929974492897470)[0m
  [1m[36mActiveRecord::SchemaMigration Pluck (3.0ms)[0m  [1m[34mSELECT "schema_migrations"."version" FROM "schema_migrations" ORDER BY "schema_migrations"."version" ASC[0m
  [1m[36mActiveRecord::InternalMetadata Load (0.8ms)[0m  [1m[34mSELECT "ar_internal_metadata".* FROM "ar_internal_metadata" WHERE "ar_internal_metadata"."key" = $1 LIMIT $2[0m  [["key", "environment"], ["LIMIT", 1]]
  [1m[35m (1.2ms)[0m  [1m[34mSELECT pg_advisory_unlock(5277929974492897470)[0m
  [1m[36mActiveRecord::SchemaMigration Pluck (1.2ms)[0m  [1m[34mSELECT "schema_migrations"."version" FROM "schema_migrations" ORDER BY "schema_migrations"."version" ASC[0m
  [1m[35m (1.0ms)[0m  [1m[34mSELECT pg_try_advisory_lock(5277929974492897470)[0m
  [1m[36mActiveRecord::SchemaMigration Pluck (1.4ms)[0m  [1m[34mSELECT "schema_migrations"."version" FROM "schema_migrations" ORDER BY "schema_migrations"."version" ASC[0m
  [1m[36mActiveRecord::InternalMetadata Load (2.3ms)[0m  [1m[34mSELECT "ar_internal_metadata".* FROM "ar_internal_metadata" WHERE "ar_internal_metadata"."key" = $1 LIMIT $2[0m  [["key", "environment"], ["LIMIT", 1]]
  [1m[35m (0.7ms)[0m  [1m[34mSELECT pg_advisory_unlock(5277929974492897470)[0m
  [1m[36mActiveRecord::SchemaMigration Pluck (1.2ms)[0m  [1m[34mSELECT "schema_migrations"."version" FROM "schema_migrations" ORDER BY "schema_migrations"."version" ASC[0m
Started GET "/" for 192.168.65.1 at 2024-10-20 19:48:59 +0900
Cannot render console from 192.168.65.1! Allowed networks: 127.0.0.0/127.255.255.255, ::1
  [1m[36mActiveRecord::SchemaMigration Pluck (0.9ms)[0m  [1m[34mSELECT "schema_migrations"."version" FROM "schema_migrations" ORDER BY "schema_migrations"."version" ASC[0m
Processing by Rails::WelcomeController#index as HTML
  Rendering /usr/local/bundle/gems/railties-7.0.8.5/lib/rails/templates/rails/welcome/index.html.erb
  Rendered /usr/local/bundle/gems/railties-7.0.8.5/lib/rails/templates/rails/welcome/index.html.erb (Duration: 24.8ms | Allocations: 632)
Completed 200 OK in 335ms (Views: 80.4ms | ActiveRecord: 0.0ms | Allocations: 7368)


  [1m[35m (19.1ms)[0m  [1m[35mCREATE DATABASE "app_development" ENCODING = 'utf8'[0m
  [1m[35m (1.4ms)[0m  [1m[35mCREATE DATABASE "app_test" ENCODING = 'utf8'[0m
  [1m[35m (0.5ms)[0m  [1m[34mSELECT pg_try_advisory_lock(5277929974492897470)[0m
  [1m[36mActiveRecord::SchemaMigration Pluck (2.5ms)[0m  [1m[34mSELECT "schema_migrations"."version" FROM "schema_migrations" ORDER BY "schema_migrations"."version" ASC[0m
  [1m[36mActiveRecord::InternalMetadata Load (2.3ms)[0m  [1m[34mSELECT "ar_internal_metadata".* FROM "ar_internal_metadata" WHERE "ar_internal_metadata"."key" = $1 LIMIT $2[0m  [["key", "environment"], ["LIMIT", 1]]
  [1m[35m (0.7ms)[0m  [1m[34mSELECT pg_advisory_unlock(5277929974492897470)[0m
  [1m[36mActiveRecord::SchemaMigration Pluck (0.9ms)[0m  [1m[34mSELECT "schema_migrations"."version" FROM "schema_migrations" ORDER BY "schema_migrations"."version" ASC[0m
  [1m[35m (1.0ms)[0m  [1m[35mCREATE DATABASE "app_development" ENCODING = 'utf8'[0m
  [1m[35m (0.8ms)[0m  [1m[35mCREATE DATABASE "app_test" ENCODING = 'utf8'[0m
  [1m[35m (0.6ms)[0m  [1m[34mSELECT pg_try_advisory_lock(5277929974492897470)[0m
  [1m[36mActiveRecord::SchemaMigration Pluck (0.9ms)[0m  [1m[34mSELECT "schema_migrations"."version" FROM "schema_migrations" ORDER BY "schema_migrations"."version" ASC[0m
  [1m[36mActiveRecord::InternalMetadata Load (0.6ms)[0m  [1m[34mSELECT "ar_internal_metadata".* FROM "ar_internal_metadata" WHERE "ar_internal_metadata"."key" = $1 LIMIT $2[0m  [["key", "environment"], ["LIMIT", 1]]
  [1m[35m (0.6ms)[0m  [1m[34mSELECT pg_advisory_unlock(5277929974492897470)[0m
  [1m[36mActiveRecord::SchemaMigration Pluck (0.8ms)[0m  [1m[34mSELECT "schema_migrations"."version" FROM "schema_migrations" ORDER BY "schema_migrations"."version" ASC[0m
  [1m[35m (1.0ms)[0m  [1m[35mCREATE DATABASE "app_development" ENCODING = 'utf8'[0m
  [1m[35m (0.8ms)[0m  [1m[35mCREATE DATABASE "app_test" ENCODING = 'utf8'[0m
  [1m[35m (0.6ms)[0m  [1m[34mSELECT pg_try_advisory_lock(5277929974492897470)[0m
  [1m[36mActiveRecord::SchemaMigration Pluck (0.8ms)[0m  [1m[34mSELECT "schema_migrations"."version" FROM "schema_migrations" ORDER BY "schema_migrations"."version" ASC[0m
  [1m[36mActiveRecord::InternalMetadata Load (1.1ms)[0m  [1m[34mSELECT "ar_internal_metadata".* FROM "ar_internal_metadata" WHERE "ar_internal_metadata"."key" = $1 LIMIT $2[0m  [["key", "environment"], ["LIMIT", 1]]
  [1m[35m (0.7ms)[0m  [1m[34mSELECT pg_advisory_unlock(5277929974492897470)[0m
  [1m[36mActiveRecord::SchemaMigration Pluck (1.0ms)[0m  [1m[34mSELECT "schema_migrations"."version" FROM "schema_migrations" ORDER BY "schema_migrations"."version" ASC[0m
